Using pre-set license
Built from '2020.3/staging' branch; Version is '2020.3.21f1 (a38c86f6690f) revision 10718342'; Using compiler version '192528614'; Build Type 'Release'
OS: 'Windows 10 Home Single Language; OS build 19043.1586; Version 2009; 64bit' Language: 'pt' Physical Memory: 8040 MB
BatchMode: 1, IsHumanControllingUs: 0, StartBugReporterOnCrash: 0, Is64bit: 1, IsPro: 0

COMMAND LINE ARGUMENTS:
D:\Program Files\Unity 2020.3.21f1\Editor\Unity.exe
-adb2
-batchMode
-noUpm
-name
AssetImportWorker0
-projectPath
D:/Meus Documentos/Documents/Git/Projetos/unity/Bioaventura
-logFile
Logs/AssetImportWorker0.log
-srvPort
53621
Successfully changed project path to: D:/Meus Documentos/Documents/Git/Projetos/unity/Bioaventura
D:/Meus Documentos/Documents/Git/Projetos/unity/Bioaventura
Using Asset Import Pipeline V2.
Refreshing native plugins compatible for Editor in 58.78 ms, found 3 plugins.
Preloading 0 native plugins for Editor in 0.00 ms.
Initialize engine version: 2020.3.21f1 (a38c86f6690f)
[Subsystems] Discovering subsystems at path D:/Program Files/Unity 2020.3.21f1/Editor/Data/Resources/UnitySubsystems
[Subsystems] Discovering subsystems at path D:/Meus Documentos/Documents/Git/Projetos/unity/Bioaventura/Assets
GfxDevice: creating device client; threaded=0
Direct3D:
    Version:  Direct3D 11.0 [level 11.0]
    Renderer: NVIDIA GeForce MX130 (ID=0x174d)
    Vendor:   
    VRAM:     2010 MB
    Driver:   27.21.14.6192
Initialize mono
Mono path[0] = 'D:/Program Files/Unity 2020.3.21f1/Editor/Data/Managed'
Mono path[1] = 'D:/Program Files/Unity 2020.3.21f1/Editor/Data/MonoBleedingEdge/lib/mono/unityjit'
Mono config path = 'D:/Program Files/Unity 2020.3.21f1/Editor/Data/MonoBleedingEdge/etc'
Using monoOptions --debugger-agent=transport=dt_socket,embedding=1,server=y,suspend=n,address=127.0.0.1:56416
Begin MonoManager ReloadAssembly
Registering precompiled unity dll's ...
Register platform support module: D:/Program Files/Unity 2020.3.21f1/Editor/Data/PlaybackEngines/WindowsStandaloneSupport/UnityEditor.WindowsStandalone.Extensions.dll
Registered in 0.001055 seconds.
Native extension for WindowsStandalone target not found
Refreshing native plugins compatible for Editor in 58.19 ms, found 3 plugins.
Preloading 0 native plugins for Editor in 0.00 ms.
Mono: successfully reloaded assembly
- Completed reload, in  1.117 seconds
Domain Reload Profiling:
	ReloadAssembly (1117ms)
		BeginReloadAssembly (65ms)
			ExecutionOrderSort (0ms)
			DisableScriptedObjects (0ms)
			BackupInstance (0ms)
			ReleaseScriptingObjects (0ms)
			CreateAndSetChildDomain (1ms)
		EndReloadAssembly (604ms)
			LoadAssemblies (64ms)
			RebuildTransferFunctionScriptingTraits (0ms)
			SetupTypeCache (206ms)
			ReleaseScriptCaches (0ms)
			RebuildScriptCaches (48ms)
			SetupLoadedEditorAssemblies (228ms)
				LogAssemblyErrors (0ms)
				InitializePlatformSupportModulesInManaged (6ms)
				SetLoadedEditorAssemblies (0ms)
				RefreshPlugins (58ms)
				BeforeProcessingInitializeOnLoad (19ms)
				ProcessInitializeOnLoadAttributes (110ms)
				ProcessInitializeOnLoadMethodAttributes (34ms)
				AfterProcessingInitializeOnLoad (0ms)
				EditorAssembliesLoaded (0ms)
			ExecutionOrderSort2 (0ms)
			AwakeInstancesAfterBackupRestoration (0ms)
Platform modules already initialized, skipping
Registering precompiled user dll's ...
Registered in 0.004516 seconds.
Begin MonoManager ReloadAssembly
Native extension for WindowsStandalone target not found
Refreshing native plugins compatible for Editor in 56.95 ms, found 3 plugins.
Preloading 0 native plugins for Editor in 0.00 ms.
Mono: successfully reloaded assembly
- Completed reload, in  1.454 seconds
Domain Reload Profiling:
	ReloadAssembly (1455ms)
		BeginReloadAssembly (189ms)
			ExecutionOrderSort (0ms)
			DisableScriptedObjects (7ms)
			BackupInstance (0ms)
			ReleaseScriptingObjects (0ms)
			CreateAndSetChildDomain (21ms)
		EndReloadAssembly (1196ms)
			LoadAssemblies (124ms)
			RebuildTransferFunctionScriptingTraits (0ms)
			SetupTypeCache (400ms)
			ReleaseScriptCaches (0ms)
			RebuildScriptCaches (60ms)
			SetupLoadedEditorAssemblies (458ms)
				LogAssemblyErrors (0ms)
				InitializePlatformSupportModulesInManaged (5ms)
				SetLoadedEditorAssemblies (0ms)
				RefreshPlugins (57ms)
				BeforeProcessingInitializeOnLoad (98ms)
				ProcessInitializeOnLoadAttributes (276ms)
				ProcessInitializeOnLoadMethodAttributes (20ms)
				AfterProcessingInitializeOnLoad (2ms)
				EditorAssembliesLoaded (0ms)
			ExecutionOrderSort2 (0ms)
			AwakeInstancesAfterBackupRestoration (8ms)
Platform modules already initialized, skipping
========================================================================
Worker process is ready to serve import requests
Launched and connected shader compiler UnityShaderCompiler.exe after 0.38 seconds
Refreshing native plugins compatible for Editor in 0.66 ms, found 3 plugins.
Preloading 0 native plugins for Editor in 0.00 ms.
Unloading 2191 Unused Serialized files (Serialized files now loaded: 0)
System memory in use before: 109.2 MB.
System memory in use after: 109.3 MB.

Unloading 27 unused Assets to reduce memory usage. Loaded Objects now: 2645.
Total: 4.343200 ms (FindLiveObjects: 0.258600 ms CreateObjectMapping: 0.118200 ms MarkObjects: 3.928100 ms  DeleteObjects: 0.036700 ms)

AssetImportParameters requested are different than current active one (requested -> active):
  custom:framework-win-MediaFoundation: 216162199b28c13a410421893ffa2e32 -> 
  custom:video-decoder-ogg-theora: a1e56fd34408186e4bbccfd4996cb3dc -> 
  custom:container-muxer-webm: aa71ff27fc2769a1b78a27578f13a17b -> 
  custom:container-demuxer-webm: 4f35f7cbe854078d1ac9338744f61a02 -> 
  custom:container-demuxer-ogg: 62fdf1f143b41e24485cea50d1cbac27 -> 
  custom:video-encoder-webm-vp8: eb34c28f22e8b96e1ab97ce403110664 -> 
  custom:video-decoder-webm-vp8: 9c59270c3fd7afecdb556c50c9e8de78 -> 
  custom:audio-decoder-ogg-vorbis: bf7c407c2cedff20999df2af8eb42d56 -> 
  custom:audio-encoder-webm-vorbis: bf7c407c2cedff20999df2af8eb42d56 -> 
========================================================================
Received Import Request.
  path: Assets/Projeto/Sprites/Enemies/Bee/bee-2.png
  artifactKey: Guid(a022ac4eacc453b4a9573f4dea135fc5) Importer(815301076,1909f56bfc062723c751e8b465ee728b)
Start importing Assets/Projeto/Sprites/Enemies/Bee/bee-2.png using Guid(a022ac4eacc453b4a9573f4dea135fc5) Importer(815301076,1909f56bfc062723c751e8b465ee728b)  -> (artifact id: 'be4b76f0089156f37a91c3b4cb71b43f') in 0.164599 seconds 
  Import took 0.335949 seconds .

========================================================================
Received Import Request.
  Time since last request: 1.732762 seconds.
  path: Assets/Projeto/Sprites/Enemies/Bee/bee-3.png
  artifactKey: Guid(0edfaf6bb7c095e419d3b7b9a9b47b80) Importer(815301076,1909f56bfc062723c751e8b465ee728b)
Start importing Assets/Projeto/Sprites/Enemies/Bee/bee-3.png using Guid(0edfaf6bb7c095e419d3b7b9a9b47b80) Importer(815301076,1909f56bfc062723c751e8b465ee728b)  -> (artifact id: '049e75d1f015e36f34c86c93b53426e4') in 0.019588 seconds 
  Import took 0.095275 seconds .

========================================================================
Received Import Request.
  Time since last request: 2.490406 seconds.
  path: Assets/Projeto/Sprites/Enemies/Bee/bee-4.png
  artifactKey: Guid(6a4170b23f65ece4d987dd1c5b8fd145) Importer(815301076,1909f56bfc062723c751e8b465ee728b)
Start importing Assets/Projeto/Sprites/Enemies/Bee/bee-4.png using Guid(6a4170b23f65ece4d987dd1c5b8fd145) Importer(815301076,1909f56bfc062723c751e8b465ee728b)  -> (artifact id: 'c70c3413e94148746ad43672affd8dec') in 0.017782 seconds 
  Import took 0.080450 seconds .

========================================================================
Received Import Request.
  Time since last request: 1.622290 seconds.
  path: Assets/Projeto/Sprites/Enemies/Bee/bee-5.png
  artifactKey: Guid(7abae8743114957478c693e59a198f4d) Importer(815301076,1909f56bfc062723c751e8b465ee728b)
Start importing Assets/Projeto/Sprites/Enemies/Bee/bee-5.png using Guid(7abae8743114957478c693e59a198f4d) Importer(815301076,1909f56bfc062723c751e8b465ee728b)  -> (artifact id: 'b861fec5a1e94624280d9e044b5ae444') in 0.029529 seconds 
  Import took 0.080834 seconds .

========================================================================
Received Import Request.
  Time since last request: 1.128747 seconds.
  path: Assets/Projeto/Sprites/Enemies/Bee/bee-6.png
  artifactKey: Guid(bc8652c1180a22643bd681ab6193436d) Importer(815301076,1909f56bfc062723c751e8b465ee728b)
Start importing Assets/Projeto/Sprites/Enemies/Bee/bee-6.png using Guid(bc8652c1180a22643bd681ab6193436d) Importer(815301076,1909f56bfc062723c751e8b465ee728b)  -> (artifact id: 'b04dc44d2c3b8a8d1332d92ae3d9ba30') in 0.019161 seconds 
  Import took 0.041454 seconds .

========================================================================
Received Import Request.
  Time since last request: 0.690177 seconds.
  path: Assets/Projeto/Sprites/Enemies/Bee/bee-7.png
  artifactKey: Guid(fd5ba26dbe2956943861af476a3c1252) Importer(815301076,1909f56bfc062723c751e8b465ee728b)
Start importing Assets/Projeto/Sprites/Enemies/Bee/bee-7.png using Guid(fd5ba26dbe2956943861af476a3c1252) Importer(815301076,1909f56bfc062723c751e8b465ee728b)  -> (artifact id: '0882f00a49febf46127149dc6aafcc6f') in 0.022615 seconds 
  Import took 0.065420 seconds .

========================================================================
Received Import Request.
  Time since last request: 1.551874 seconds.
  path: Assets/Projeto/Sprites/Enemies/Bee/bee-8.png
  artifactKey: Guid(32e7139e24ec8a846a6b1bad345bf30a) Importer(815301076,1909f56bfc062723c751e8b465ee728b)
Start importing Assets/Projeto/Sprites/Enemies/Bee/bee-8.png using Guid(32e7139e24ec8a846a6b1bad345bf30a) Importer(815301076,1909f56bfc062723c751e8b465ee728b)  -> (artifact id: '1532a318b73ccc8d2a78521b41c87499') in 0.018613 seconds 
  Import took 0.058463 seconds .

========================================================================
Received Import Request.
  Time since last request: 403.238954 seconds.
  path: Assets/Projeto/Animations/Enemies/banana-1.controller
  artifactKey: Guid(0e76b3e73f9b27947ae21ee4dfcc48b9) Importer(815301076,1909f56bfc062723c751e8b465ee728b)
Start importing Assets/Projeto/Animations/Enemies/banana-1.controller using Guid(0e76b3e73f9b27947ae21ee4dfcc48b9) Importer(815301076,1909f56bfc062723c751e8b465ee728b)  -> (artifact id: 'd4f3bd01f9972862eb708f28aa1d9284') in 0.019962 seconds 
  Import took 0.067109 seconds .

========================================================================
Received Import Request.
  Time since last request: 1.818887 seconds.
  path: Assets/Projeto/Animations/Enemies/Banana.anim
  artifactKey: Guid(595dd96f2aa4c604e9fb1e25303a8029) Importer(815301076,1909f56bfc062723c751e8b465ee728b)
Start importing Assets/Projeto/Animations/Enemies/Banana.anim using Guid(595dd96f2aa4c604e9fb1e25303a8029) Importer(815301076,1909f56bfc062723c751e8b465ee728b)  -> (artifact id: '1a4651230bb1b4e08cc7d4e5cce9cadb') in 0.024956 seconds 
  Import took 0.073737 seconds .

========================================================================
Received Import Request.
  Time since last request: 13.744708 seconds.
  path: Assets/Projeto/Sprites/Enemies/Banana/banana-1.png
  artifactKey: Guid(1841d150c2148d040acba1d84911dbf2) Importer(815301076,1909f56bfc062723c751e8b465ee728b)
Start importing Assets/Projeto/Sprites/Enemies/Banana/banana-1.png using Guid(1841d150c2148d040acba1d84911dbf2) Importer(815301076,1909f56bfc062723c751e8b465ee728b)  -> (artifact id: '0a9f8689c9f52117b85bb9db23867c0d') in 0.063703 seconds 
  Import took 0.096666 seconds .

========================================================================
Received Import Request.
  Time since last request: 0.000277 seconds.
  path: Assets/Projeto/Sprites/Enemies/Banana/banana-3.png
  artifactKey: Guid(99e3a149596422a4280da76063b0b2b8) Importer(815301076,1909f56bfc062723c751e8b465ee728b)
Start importing Assets/Projeto/Sprites/Enemies/Banana/banana-3.png using Guid(99e3a149596422a4280da76063b0b2b8) Importer(815301076,1909f56bfc062723c751e8b465ee728b)  -> (artifact id: '8c83b524dadfd951f16b39ac6156b6b4') in 0.070416 seconds 
  Import took 0.131078 seconds .

========================================================================
Received Import Request.
  Time since last request: 0.000536 seconds.
  path: Assets/Projeto/Sprites/Enemies/Banana/banana-11.png
  artifactKey: Guid(5672c73711f1e604d9666a7bf81a6184) Importer(815301076,1909f56bfc062723c751e8b465ee728b)
Start importing Assets/Projeto/Sprites/Enemies/Banana/banana-11.png using Guid(5672c73711f1e604d9666a7bf81a6184) Importer(815301076,1909f56bfc062723c751e8b465ee728b)  -> (artifact id: '1cef8dd33ddba7f84d9d357078015470') in 0.022323 seconds 
  Import took 0.042169 seconds .

========================================================================
Received Import Request.
  Time since last request: 0.000650 seconds.
  path: Assets/Projeto/Sprites/Enemies/Banana/banana-9.png
  artifactKey: Guid(23693ccb578f20d4da0a44e9a15f8b45) Importer(815301076,1909f56bfc062723c751e8b465ee728b)
Start importing Assets/Projeto/Sprites/Enemies/Banana/banana-9.png using Guid(23693ccb578f20d4da0a44e9a15f8b45) Importer(815301076,1909f56bfc062723c751e8b465ee728b)  -> (artifact id: 'e5a32f959838363577869c32a04110ec') in 0.023474 seconds 
  Import took 0.066615 seconds .

========================================================================
Received Import Request.
  Time since last request: 0.000347 seconds.
  path: Assets/Projeto/Sprites/Enemies/Banana/banana-10.png
  artifactKey: Guid(90fc9032915e7f74f83446e2c527989b) Importer(815301076,1909f56bfc062723c751e8b465ee728b)
Start importing Assets/Projeto/Sprites/Enemies/Banana/banana-10.png using Guid(90fc9032915e7f74f83446e2c527989b) Importer(815301076,1909f56bfc062723c751e8b465ee728b)  -> (artifact id: '0eed9679efac7cb8ec87d0c09b5edcf4') in 0.061541 seconds 
  Import took 0.089737 seconds .

========================================================================
Received Import Request.
  Time since last request: 0.000277 seconds.
  path: Assets/Projeto/Sprites/Enemies/Banana/banana-12.png
  artifactKey: Guid(0d9aa2b2d3e7f534390aacf7ee15b635) Importer(815301076,1909f56bfc062723c751e8b465ee728b)
Start importing Assets/Projeto/Sprites/Enemies/Banana/banana-12.png using Guid(0d9aa2b2d3e7f534390aacf7ee15b635) Importer(815301076,1909f56bfc062723c751e8b465ee728b)  -> (artifact id: 'd318b492b35e50bb68062902947ae672') in 0.027851 seconds 
  Import took 0.068473 seconds .

========================================================================
Received Import Request.
  Time since last request: 0.000314 seconds.
  path: Assets/Projeto/Sprites/Enemies/Banana/banana-5.png
  artifactKey: Guid(f214815a9f3e67346b32edab71abcc5b) Importer(815301076,1909f56bfc062723c751e8b465ee728b)
Start importing Assets/Projeto/Sprites/Enemies/Banana/banana-5.png using Guid(f214815a9f3e67346b32edab71abcc5b) Importer(815301076,1909f56bfc062723c751e8b465ee728b)  -> (artifact id: 'eafa8d135e04a529772fe2ba4a5097ae') in 0.025231 seconds 
  Import took 0.050012 seconds .

========================================================================
Received Import Request.
  Time since last request: 0.000347 seconds.
  path: Assets/Projeto/Sprites/Enemies/Banana/banana-6.png
  artifactKey: Guid(c4bd065dd672c404eafe69c238f4d863) Importer(815301076,1909f56bfc062723c751e8b465ee728b)
Start importing Assets/Projeto/Sprites/Enemies/Banana/banana-6.png using Guid(c4bd065dd672c404eafe69c238f4d863) Importer(815301076,1909f56bfc062723c751e8b465ee728b)  -> (artifact id: '3b2ce4b500d21673085dd8cc642dbd33') in 0.050366 seconds 
  Import took 0.079956 seconds .

========================================================================
Received Import Request.
  Time since last request: 0.000369 seconds.
  path: Assets/Projeto/Sprites/Enemies/Banana/banana-8.png
  artifactKey: Guid(2e09f5cb8aed2df46a5dc0dc4f7dfba2) Importer(815301076,1909f56bfc062723c751e8b465ee728b)
Start importing Assets/Projeto/Sprites/Enemies/Banana/banana-8.png using Guid(2e09f5cb8aed2df46a5dc0dc4f7dfba2) Importer(815301076,1909f56bfc062723c751e8b465ee728b)  -> (artifact id: '4a90c43fcd9ac9b10ca918800c9afd09') in 0.052212 seconds 
  Import took 0.098874 seconds .

========================================================================
Received Import Request.
  Time since last request: 0.000325 seconds.
  path: Assets/Projeto/Sprites/Enemies/Banana/banana-2.png
  artifactKey: Guid(42ab2d65a9268b349b299797388d8fb0) Importer(815301076,1909f56bfc062723c751e8b465ee728b)
Start importing Assets/Projeto/Sprites/Enemies/Banana/banana-2.png using Guid(42ab2d65a9268b349b299797388d8fb0) Importer(815301076,1909f56bfc062723c751e8b465ee728b)  -> (artifact id: '9639446adeff1d4dc8a7a77091c06aea') in 0.054625 seconds 
  Import took 0.098423 seconds .

========================================================================
Received Import Request.
  Time since last request: 0.000270 seconds.
  path: Assets/Projeto/Sprites/Enemies/Banana/banana-7.png
  artifactKey: Guid(cd2bb95856a2e7f4e8c642fcd0302ca4) Importer(815301076,1909f56bfc062723c751e8b465ee728b)
Start importing Assets/Projeto/Sprites/Enemies/Banana/banana-7.png using Guid(cd2bb95856a2e7f4e8c642fcd0302ca4) Importer(815301076,1909f56bfc062723c751e8b465ee728b)  -> (artifact id: '1290b8946e314bbe578753c5276c867d') in 0.049225 seconds 
  Import took 0.080488 seconds .

========================================================================
Received Prepare
Registering precompiled user dll's ...
Registered in 0.002858 seconds.
Begin MonoManager ReloadAssembly
Native extension for WindowsStandalone target not found
Refreshing native plugins compatible for Editor in 0.63 ms, found 3 plugins.
Preloading 0 native plugins for Editor in 0.00 ms.
Mono: successfully reloaded assembly
- Completed reload, in  1.199 seconds
Domain Reload Profiling:
	ReloadAssembly (1200ms)
		BeginReloadAssembly (119ms)
			ExecutionOrderSort (0ms)
			DisableScriptedObjects (7ms)
			BackupInstance (0ms)
			ReleaseScriptingObjects (0ms)
			CreateAndSetChildDomain (41ms)
		EndReloadAssembly (1013ms)
			LoadAssemblies (98ms)
			RebuildTransferFunctionScriptingTraits (0ms)
			SetupTypeCache (372ms)
			ReleaseScriptCaches (1ms)
			RebuildScriptCaches (50ms)
			SetupLoadedEditorAssemblies (366ms)
				LogAssemblyErrors (0ms)
				InitializePlatformSupportModulesInManaged (6ms)
				SetLoadedEditorAssemblies (1ms)
				RefreshPlugins (1ms)
				BeforeProcessingInitializeOnLoad (91ms)
				ProcessInitializeOnLoadAttributes (253ms)
				ProcessInitializeOnLoadMethodAttributes (13ms)
				AfterProcessingInitializeOnLoad (2ms)
				EditorAssembliesLoaded (0ms)
			ExecutionOrderSort2 (0ms)
			AwakeInstancesAfterBackupRestoration (10ms)
Platform modules already initialized, skipping
Refreshing native plugins compatible for Editor in 0.69 ms, found 3 plugins.
Preloading 0 native plugins for Editor in 0.00 ms.
Unloading 2180 Unused Serialized files (Serialized files now loaded: 0)
System memory in use before: 111.6 MB.
System memory in use after: 111.7 MB.

Unloading 17 unused Assets to reduce memory usage. Loaded Objects now: 2655.
Total: 4.248400 ms (FindLiveObjects: 0.270500 ms CreateObjectMapping: 0.114300 ms MarkObjects: 3.838000 ms  DeleteObjects: 0.024100 ms)

AssetImportParameters requested are different than current active one (requested -> active):
  custom:framework-win-MediaFoundation: 216162199b28c13a410421893ffa2e32 -> 
  custom:video-decoder-ogg-theora: a1e56fd34408186e4bbccfd4996cb3dc -> 
  custom:container-muxer-webm: aa71ff27fc2769a1b78a27578f13a17b -> 
  custom:container-demuxer-webm: 4f35f7cbe854078d1ac9338744f61a02 -> 
  custom:container-demuxer-ogg: 62fdf1f143b41e24485cea50d1cbac27 -> 
  custom:video-encoder-webm-vp8: eb34c28f22e8b96e1ab97ce403110664 -> 
  custom:video-decoder-webm-vp8: 9c59270c3fd7afecdb556c50c9e8de78 -> 
  custom:audio-decoder-ogg-vorbis: bf7c407c2cedff20999df2af8eb42d56 -> 
  custom:audio-encoder-webm-vorbis: bf7c407c2cedff20999df2af8eb42d56 -> 
AssetImportWorkerClient::OnTransportError - code=2 error=End of file
